eth008 Board details:
IP address: 10.218.113.61

Port: 17494

connecting...
Relay states 8->1 : 01010101
1 off
2 off
Relay states 8->1 : 01010100
1 on
Relay states 8->1 : 01010101
exit
Disconnected
Pre-Script returned: Success

**************************************************
Testcase mods & parameters invoked:
**************************************************
TwoCoreTest:: slave_case: True, binary_file is xwr16xx_mmwave_full_mss.xer4f, local path is /home/lte_phy/ti/mcpi_tf/mcpi_testframework_1_12_00_01/test/temp/mmWave_SDK___iwr16xx_sdk03.01.00_Test_Plan___jenkins-79_2018_11_29_01_55_13, remote path is http://gtjenkins.itg.ti.com/nightly_builds/mmwave_sdk-dev/79-2018-11-28_21-52-01/artifacts/test/mmwave_sdk/packages/ti/control/mmwave/test/xwr16xx/full, binary_params is gTestSelection(32)=5;gMCPIEnable(32)=1

**************************************************
Copying test case files from the Build server
**************************************************
amk: ARGS['TestcasePath']: http://gtjenkins.itg.ti.com/nightly_builds/mmwave_sdk-dev/79-2018-11-28_21-52-01/artifacts/test/mmwave_sdk/packages/ti/control/mmwave/test/xwr16xx/full

amk: remote_datapath: http://gtjenkins.itg.ti.com/nightly_builds/mmwave_sdk-dev/79-2018-11-28_21-52-01/artifacts/test/mmwave_sdk/packages/ti/control/mmwave/test/xwr16xx/testdata

A testdata directory was not found on build server for this testcase


amk: error logging: testcasepath = http://gtjenkins.itg.ti.com/nightly_builds/mmwave_sdk-dev/79-2018-11-28_21-52-01/artifacts/test/mmwave_sdk/packages/ti/control/mmwave/test/xwr16xx/full
amk: error logging: binaryfile = xwr16xx_mmwave_full_dss.xe674
Copying testcase binary file from http://gtjenkins.itg.ti.com/nightly_builds/mmwave_sdk-dev/79-2018-11-28_21-52-01/artifacts/test/mmwave_sdk/packages/ti/control/mmwave/test/xwr16xx/full/xwr16xx_mmwave_full_dss.xe674 to /home/lte_phy/ti/mcpi_tf/mcpi_testframework_1_12_00_01/test/temp/mmWave_SDK___iwr16xx_sdk03.01.00_Test_Plan___jenkins-79_2018_11_29_01_55_13 using command: 
wget -e robots=off --no-proxy -N -T 30 -t 2 -P /home/lte_phy/ti/mcpi_tf/mcpi_testframework_1_12_00_01/test/temp/mmWave_SDK___iwr16xx_sdk03.01.00_Test_Plan___jenkins-79_2018_11_29_01_55_13 http://gtjenkins.itg.ti.com/nightly_builds/mmwave_sdk-dev/79-2018-11-28_21-52-01/artifacts/test/mmwave_sdk/packages/ti/control/mmwave/test/xwr16xx/full/xwr16xx_mmwave_full_dss.xe674
**************************************************
Executing Testcase:/home/lte_phy/ti/mcpi_tf/mcpi_testframework_1_12_00_01/test/temp/mmWave_SDK___iwr16xx_sdk03.01.00_Test_Plan___jenkins-79_2018_11_29_01_55_13/xwr16xx_mmwave_full_dss.xe674
**************************************************
amk: TwoCoreTest:: slave_case: True, binary_file is xwr16xx_mmwave_full_mss.xer4f, local path is /home/lte_phy/ti/mcpi_tf/mcpi_testframework_1_12_00_01/test/temp/mmWave_SDK___iwr16xx_sdk03.01.00_Test_Plan___jenkins-79_2018_11_29_01_55_13, remote path is http://gtjenkins.itg.ti.com/nightly_builds/mmwave_sdk-dev/79-2018-11-28_21-52-01/artifacts/test/mmwave_sdk/packages/ti/control/mmwave/test/xwr16xx/full, binary_params is gTestSelection(32)=5;gMCPIEnable(32)=1

Checking if Py4J Gateway server has started...
Py4J Gateway Server is Started
Two-core test check: dss_execute_obj.two_core_test: True


amk: a path in detected cpuList is: Texas Instruments XDS110 USB Debug Probe_1/DEBUGSSM_0
amk: a path in detected cpuList is: Texas Instruments XDS110 USB Debug Probe_1/IcePick_M_0
amk: a path in detected cpuList is: Texas Instruments XDS110 USB Debug Probe_1/C674X_0
amk: a path in detected cpuList is: Texas Instruments XDS110 USB Debug Probe_1/CS_DAP_0
amk: a path in detected cpuList is: Texas Instruments XDS110 USB Debug Probe_1/CortexR4_0
Slave core now opening debug session, cpuName = CortexR4_0.

amk: Loading slave core binary:/home/lte_phy/ti/mcpi_tf/mcpi_testframework_1_12_00_01/test/temp/mmWave_SDK___iwr16xx_sdk03.01.00_Test_Plan___jenkins-79_2018_11_29_01_55_13/xwr16xx_mmwave_full_mss.xer4f
amk: Updating slave binary parameters:/home/lte_phy/ti/mcpi_tf/mcpi_testframework_1_12_00_01/test/temp/mmWave_SDK___iwr16xx_sdk03.01.00_Test_Plan___jenkins-79_2018_11_29_01_55_13/xwr16xx_mmwave_full_mss.xer4f

**************************************************
 Parameters found in the Binary arguments : 
{'gTestSelection(32)': '5', 'gMCPIEnable(32)': '1'}
**************************************************
Reading address of symbol: gTestSelection
Address of symbol obtained: 0x800da24
Write value 5 to address 0x800da24 
Value updated successfully
Reading address of symbol: gMCPIEnable
Address of symbol obtained: 0x800da20
Write value 1 to address 0x800da20 
Value updated successfully
amk: a path in detected cpuList is Texas Instruments XDS110 USB Debug Probe_1/DEBUGSSM_0
amk: a path in detected cpuList is Texas Instruments XDS110 USB Debug Probe_1/IcePick_M_0
amk: a path in detected cpuList is Texas Instruments XDS110 USB Debug Probe_1/C674X_0
Master core now opening debug session, cpuName = C674X_0.

Loading binary to the DUT:/home/lte_phy/ti/mcpi_tf/mcpi_testframework_1_12_00_01/test/temp/mmWave_SDK___iwr16xx_sdk03.01.00_Test_Plan___jenkins-79_2018_11_29_01_55_13/xwr16xx_mmwave_full_dss.xe674

**************************************************
 Parameters found in the Binary arguments : 
{'gTestSelection(32)': '5', 'gMCPIEnable(32)': '1'}
**************************************************
Reading address of symbol: gTestSelection
Address of symbol obtained: 0x81345c
Write value 5 to address 0x81345c 
Value updated successfully
Reading address of symbol: gMCPIEnable
Address of symbol obtained: 0x813444
Write value 1 to address 0x813444 
Value updated successfully
binary path = /home/lte_phy/ti/mcpi_tf/mcpi_testframework_1_12_00_01/test/temp/mmWave_SDK___iwr16xx_sdk03.01.00_Test_Plan___jenkins-79_2018_11_29_01_55_13/xwr16xx_mmwave_full_dss.xe674


**************************************************
CIO Log captured for the testcase
**************************************************
******************************************
Debug: Launching the mmwaveLink
******************************************
Debug: Launching BIOS
***************************************************
Waiting for the test selection to be entered by MSS
In CCS: Set the Global Variable 'gTestSelection'
***************************************************
Feature: MMWave DSS [Cooperative Mode] Initialization: Passed
Feature: MMWave DSS Synchronization: Passed
Starting Total Heap Size = 32768 bytes
Starting Total Free Size = 17224 bytes
Feature: Profile Addition: Passed
Feature: Number of Profiles: Passed
Feature: Profile Handle: Passed
Feature: Chirp Addition: Passed
Feature: Number of Chirps: Passed
Feature: Chirp Handle: Passed
Feature: BPM Chirp Addition: Passed
Feature: Number of BPM Chirps: Passed
Feature: BPM Chirp Handle: Passed
Debug: 2 Profile with 4 chirps per profile. 8 BPM chirp configurations. Total Free Size = 16648 bytes Memory Consumed is = 576 bytes
Feature: Delete Chirp: Passed
Feature: Delete Profile: Passed
Feature: Delete BPM configuration: Passed
Feature: Flush configuration: Passed
Feature: Flush configuration: Passed
Ending Total Heap Size = 32768 bytes
Ending Total Free Size = 17224 bytes
Feature: Memory Leak Tests: Passed
Feature: MMWave DSS Deinitialized: Passed
file. 8 BPM chirp configurations. Total Free Size = 16328 bytes Memory Consumed is = 576 bytes
Feature: Delete Chirp: Passed
Feature: Delete Profile: Passed
Feature: Delete BPM configuration: Passed
Feature: Flush configuration: Passed
Feature: Flush configuration: Passed
Value read from Global variable (MCPI_Result): 0
Test Failure Signature: 0
Test Log Messages: 
Feature tested: MMWave DSS [Cooperative Mode] Initialization: Passed
Feature tested: MMWave DSS Synchronization: Passed
Feature tested: Profile Addition: Passed
Feature tested: Number of Profiles: Passed
Feature tested: Profile Handle: Passed
Feature tested: Chirp Addition: Passed
Feature tested: Number of Chirps: Passed
Feature tested: Chirp Handle: Passed
Feature tested: BPM Chirp Addition: Passed
Feature tested: Number of BPM Chirps: Passed
Feature tested: BPM Chirp Handle: Passed
Feature tested: Delete Chirp: Passed
Feature tested: Delete Profile: Passed
Feature tested: Delete BPM configuration: Passed
Feature tested: Flush configuration: Passed
Feature tested: Flush configuration: Passed
Feature tested: Memory Leak Tests: Passed
Feature tested: MMWave DSS Deinitialized: Passed


shutting down py4j gw server.


**************************************************
Terminating the debug session and Shutting down gateway.
**************************************************

**************************************************
Test case execution completed
**************************************************

**************************************************
Testcase Result : PASS
**************************************************
 Passed
Feature: Delete Profile: Passed
Feature: Delete BPM configuration: Passed
Feature: Flush configuration: Passed
Feature: Flush configuration: Passed
